[2026-03-25 07:23:45Z INFO HostContext] No proxy settings were found based on environmental variables (http_proxy/https_proxy/HTTP_PROXY/HTTPS_PROXY)
[2026-03-25 07:23:45Z INFO HostContext] Well known directory 'Bin': 'D:\C-Coding\c-docker-ghcr-runner\actions-runner\bin'
[2026-03-25 07:23:45Z INFO HostContext] Well known directory 'Root': 'D:\C-Coding\c-docker-ghcr-runner\actions-runner'
[2026-03-25 07:23:45Z INFO HostContext] Well known config file 'Credentials': 'D:\C-Coding\c-docker-ghcr-runner\actions-runner\.credentials'
[2026-03-25 07:23:45Z INFO HostContext] Well known directory 'Bin': 'D:\C-Coding\c-docker-ghcr-runner\actions-runner\bin'
[2026-03-25 07:23:45Z INFO HostContext] Well known directory 'Root': 'D:\C-Coding\c-docker-ghcr-runner\actions-runner'
[2026-03-25 07:23:45Z INFO HostContext] Well known config file 'Runner': 'D:\C-Coding\c-docker-ghcr-runner\actions-runner\.runner'
[2026-03-25 07:23:45Z INFO Listener] Runner is built for Windows (X64) - win-x64.
[2026-03-25 07:23:45Z INFO Listener] RuntimeInformation: Microsoft Windows 10.0.26100.
[2026-03-25 07:23:45Z INFO Listener] Version: 2.333.0
[2026-03-25 07:23:45Z INFO Listener] Commit: 8d231aaf863e5fcdd02d35bdfda369feafd08adb
[2026-03-25 07:23:45Z INFO Listener] Culture: ko-KR
[2026-03-25 07:23:45Z INFO Listener] UI Culture: ko-KR
[2026-03-25 07:23:45Z INFO HostContext] Well known directory 'Bin': 'D:\C-Coding\c-docker-ghcr-runner\actions-runner\bin'
[2026-03-25 07:23:45Z INFO HostContext] Well known directory 'Root': 'D:\C-Coding\c-docker-ghcr-runner\actions-runner'
[2026-03-25 07:23:45Z INFO Listener] Validating directory permissions for: 'D:\C-Coding\c-docker-ghcr-runner\actions-runner'
[2026-03-25 07:23:45Z INFO CommandLineParser] Parse
[2026-03-25 07:23:45Z INFO CommandLineParser] Parsing 5 args
[2026-03-25 07:23:45Z INFO CommandLineParser] parsing argument
[2026-03-25 07:23:45Z INFO CommandLineParser] HasArgs: False
[2026-03-25 07:23:45Z INFO CommandLineParser] Adding Command: configure
[2026-03-25 07:23:45Z INFO CommandLineParser] parsing argument
[2026-03-25 07:23:45Z INFO CommandLineParser] HasArgs: True
[2026-03-25 07:23:45Z INFO CommandLineParser] arg: url
[2026-03-25 07:23:45Z INFO CommandLineParser] parsing argument
[2026-03-25 07:23:45Z INFO CommandLineParser] HasArgs: True
[2026-03-25 07:23:45Z INFO CommandLineParser] Adding option 'url': 'https://github.com/JHmins/C-DOCKER-GHCR-RUNNER'
[2026-03-25 07:23:45Z INFO CommandLineParser] parsing argument
[2026-03-25 07:23:45Z INFO CommandLineParser] HasArgs: True
[2026-03-25 07:23:45Z INFO CommandLineParser] arg: token
[2026-03-25 07:23:45Z INFO CommandLineParser] parsing argument
[2026-03-25 07:23:45Z INFO CommandLineParser] HasArgs: True
[2026-03-25 07:23:45Z INFO CommandLineParser] Adding option 'token': '***'
[2026-03-25 07:23:45Z INFO Listener] Arguments parsed
[2026-03-25 07:23:45Z INFO Runner] ExecuteCommand
[2026-03-25 07:23:45Z INFO ConfigurationStore] currentAssemblyLocation: D:\C-Coding\c-docker-ghcr-runner\actions-runner\bin\Runner.Listener.dll
[2026-03-25 07:23:45Z INFO HostContext] Well known directory 'Bin': 'D:\C-Coding\c-docker-ghcr-runner\actions-runner\bin'
[2026-03-25 07:23:45Z INFO ConfigurationStore] binPath: D:\C-Coding\c-docker-ghcr-runner\actions-runner\bin
[2026-03-25 07:23:45Z INFO HostContext] Well known directory 'Bin': 'D:\C-Coding\c-docker-ghcr-runner\actions-runner\bin'
[2026-03-25 07:23:45Z INFO HostContext] Well known directory 'Root': 'D:\C-Coding\c-docker-ghcr-runner\actions-runner'
[2026-03-25 07:23:45Z INFO ConfigurationStore] RootFolder: D:\C-Coding\c-docker-ghcr-runner\actions-runner
[2026-03-25 07:23:45Z INFO HostContext] Well known directory 'Bin': 'D:\C-Coding\c-docker-ghcr-runner\actions-runner\bin'
[2026-03-25 07:23:45Z INFO HostContext] Well known directory 'Root': 'D:\C-Coding\c-docker-ghcr-runner\actions-runner'
[2026-03-25 07:23:45Z INFO HostContext] Well known config file 'Runner': 'D:\C-Coding\c-docker-ghcr-runner\actions-runner\.runner'
[2026-03-25 07:23:45Z INFO ConfigurationStore] ConfigFilePath: D:\C-Coding\c-docker-ghcr-runner\actions-runner\.runner
[2026-03-25 07:23:45Z INFO HostContext] Well known directory 'Bin': 'D:\C-Coding\c-docker-ghcr-runner\actions-runner\bin'
[2026-03-25 07:23:45Z INFO HostContext] Well known directory 'Root': 'D:\C-Coding\c-docker-ghcr-runner\actions-runner'
[2026-03-25 07:23:45Z INFO HostContext] Well known config file 'MigratedRunner': 'D:\C-Coding\c-docker-ghcr-runner\actions-runner\.runner_migrated'
[2026-03-25 07:23:45Z INFO ConfigurationStore] MigratedConfigFilePath: D:\C-Coding\c-docker-ghcr-runner\actions-runner\.runner_migrated
[2026-03-25 07:23:45Z INFO HostContext] Well known directory 'Bin': 'D:\C-Coding\c-docker-ghcr-runner\actions-runner\bin'
[2026-03-25 07:23:45Z INFO HostContext] Well known directory 'Root': 'D:\C-Coding\c-docker-ghcr-runner\actions-runner'
[2026-03-25 07:23:45Z INFO HostContext] Well known config file 'Credentials': 'D:\C-Coding\c-docker-ghcr-runner\actions-runner\.credentials'
[2026-03-25 07:23:45Z INFO ConfigurationStore] CredFilePath: D:\C-Coding\c-docker-ghcr-runner\actions-runner\.credentials
[2026-03-25 07:23:45Z INFO HostContext] Well known directory 'Bin': 'D:\C-Coding\c-docker-ghcr-runner\actions-runner\bin'
[2026-03-25 07:23:45Z INFO HostContext] Well known directory 'Root': 'D:\C-Coding\c-docker-ghcr-runner\actions-runner'
[2026-03-25 07:23:45Z INFO HostContext] Well known config file 'MigratedCredentials': 'D:\C-Coding\c-docker-ghcr-runner\actions-runner\.credentials_migrated'
[2026-03-25 07:23:45Z INFO ConfigurationStore] MigratedCredFilePath: D:\C-Coding\c-docker-ghcr-runner\actions-runner\.credentials_migrated
[2026-03-25 07:23:45Z INFO HostContext] Well known directory 'Bin': 'D:\C-Coding\c-docker-ghcr-runner\actions-runner\bin'
[2026-03-25 07:23:45Z INFO HostContext] Well known directory 'Root': 'D:\C-Coding\c-docker-ghcr-runner\actions-runner'
[2026-03-25 07:23:45Z INFO HostContext] Well known config file 'Service': 'D:\C-Coding\c-docker-ghcr-runner\actions-runner\.service'
[2026-03-25 07:23:45Z INFO ConfigurationStore] ServiceConfigFilePath: D:\C-Coding\c-docker-ghcr-runner\actions-runner\.service
[2026-03-25 07:23:45Z INFO CommandSettings] Flag 'help': 'False'
[2026-03-25 07:23:45Z INFO CommandSettings] Flag 'version': 'False'
[2026-03-25 07:23:45Z INFO CommandSettings] Flag 'commit': 'False'
[2026-03-25 07:23:45Z INFO CommandSettings] Flag 'check': 'False'
[2026-03-25 07:23:45Z INFO CommandSettings] Command 'configure': 'True'
[2026-03-25 07:23:45Z INFO Terminal] WRITE LINE: 
[2026-03-25 07:23:45Z INFO Terminal] WRITE LINE: --------------------------------------------------------------------------------
[2026-03-25 07:23:45Z INFO Terminal] WRITE LINE: |        ____ _ _   _   _       _          _        _   _                      |
[2026-03-25 07:23:45Z INFO Terminal] WRITE LINE: |       / ___(_) |_| | | |_   _| |__      / \   ___| |_(_) ___  _ __  ___      |
[2026-03-25 07:23:45Z INFO Terminal] WRITE LINE: |      | |  _| | __| |_| | | | | '_ \    / _ \ / __| __| |/ _ \| '_ \/ __|     |
[2026-03-25 07:23:45Z INFO Terminal] WRITE LINE: |      | |_| | | |_|  _  | |_| | |_) |  / ___ \ (__| |_| | (_) | | | \__ \     |
[2026-03-25 07:23:45Z INFO Terminal] WRITE LINE: |       \____|_|\__|_| |_|\__,_|_.__/  /_/   \_\___|\__|_|\___/|_| |_|___/     |
[2026-03-25 07:23:45Z INFO Terminal] WRITE LINE: |                                                                              |
[2026-03-25 07:23:45Z INFO Terminal] WRITE: |                       
[2026-03-25 07:23:45Z INFO Terminal] WRITE: Self-hosted runner registration
[2026-03-25 07:23:45Z INFO Terminal] WRITE LINE:                         |
[2026-03-25 07:23:45Z INFO Terminal] WRITE LINE: |                                                                              |
[2026-03-25 07:23:45Z INFO Terminal] WRITE LINE: --------------------------------------------------------------------------------
[2026-03-25 07:23:45Z INFO ConfigurationManager] ConfigureAsync
[2026-03-25 07:23:45Z INFO CommandSettings] Flag 'generateServiceConfig': 'False'
[2026-03-25 07:23:45Z INFO ConfigurationStore] IsConfigured()
[2026-03-25 07:23:45Z INFO ConfigurationStore] IsConfigured: False
[2026-03-25 07:23:45Z INFO ConfigurationManager] Is configured: False
[2026-03-25 07:23:45Z INFO CommandSettings] Arg 'url': 'https://github.com/JHmins/C-DOCKER-GHCR-RUNNER'
[2026-03-25 07:23:45Z INFO CommandSettings] Remove url from Arg dictionary.
[2026-03-25 07:23:45Z INFO CommandSettings] Arg 'token': '***'
[2026-03-25 07:23:45Z INFO CommandSettings] Remove token from Arg dictionary.
[2026-03-25 07:23:46Z INFO ConfigurationManager] Http response code: OK from 'POST https://api.github.com/actions/runner-registration' (CA2E:28A854:41D4DD:4CD539:69C38D82)
[2026-03-25 07:23:46Z INFO ConfigurationManager] Using runner-admin flow: False
[2026-03-25 07:23:46Z INFO ConfigurationManager] cred retrieved via GitHub auth
[2026-03-25 07:23:46Z INFO RunnerServer] EstablishVssConnection
[2026-03-25 07:23:46Z INFO RunnerServer] Establish connection with 100 seconds timeout.
[2026-03-25 07:23:46Z INFO GitHubActionsService] Starting operation Location.GetConnectionData
[2026-03-25 07:23:46Z INFO RunnerServer] EstablishVssConnection
[2026-03-25 07:23:46Z INFO RunnerServer] Establish connection with 60 seconds timeout.
[2026-03-25 07:23:46Z INFO GitHubActionsService] Starting operation Location.GetConnectionData
[2026-03-25 07:23:46Z INFO RunnerServer] EstablishVssConnection
[2026-03-25 07:23:46Z INFO RunnerServer] Establish connection with 60 seconds timeout.
[2026-03-25 07:23:46Z INFO GitHubActionsService] Starting operation Location.GetConnectionData
[2026-03-25 07:23:48Z INFO GitHubActionsService] Finished operation Location.GetConnectionData
[2026-03-25 07:23:48Z INFO GitHubActionsService] Finished operation Location.GetConnectionData
[2026-03-25 07:23:48Z INFO GitHubActionsService] Finished operation Location.GetConnectionData
[2026-03-25 07:23:48Z INFO Terminal] WRITE LINE: 
[2026-03-25 07:23:48Z INFO ConfigurationManager] Test Connection complete.
[2026-03-25 07:23:48Z INFO HostContext] Well known directory 'Bin': 'D:\C-Coding\c-docker-ghcr-runner\actions-runner\bin'
[2026-03-25 07:23:48Z INFO HostContext] Well known directory 'Root': 'D:\C-Coding\c-docker-ghcr-runner\actions-runner'
[2026-03-25 07:23:48Z INFO HostContext] Well known config file 'RSACredentials': 'D:\C-Coding\c-docker-ghcr-runner\actions-runner\.credentials_rsaparams'
[2026-03-25 07:23:48Z INFO RSAEncryptedFileKeyManager] Creating new RSA key using 2048-bit key length
[2026-03-25 07:23:48Z INFO RSAEncryptedFileKeyManager] Successfully saved RSA key parameters to file D:\C-Coding\c-docker-ghcr-runner\actions-runner\.credentials_rsaparams
[2026-03-25 07:23:48Z INFO CommandSettings] Arg 'runnergroup': ''
[2026-03-25 07:23:48Z INFO CommandSettings] Flag 'unattended': 'False'
[2026-03-25 07:23:48Z INFO PromptManager] ReadValue
[2026-03-25 07:23:48Z INFO Terminal] WRITE: Enter the name of the runner group to add this runner to: 
[2026-03-25 07:23:48Z INFO Terminal] WRITE: [press Enter for Default] 
[2026-03-25 07:23:48Z INFO Terminal] READ LINE
[2026-03-25 07:24:27Z INFO Terminal] Read value: 'self-hosted'
[2026-03-25 07:24:27Z INFO Terminal] WRITE LINE: 
[2026-03-25 07:24:27Z ERR  Runner] GitHub.DistributedTask.WebApi.TaskAgentPoolNotFoundException: Could not find any self-hosted runner group named "self-hosted".
   at GitHub.Runner.Listener.Configuration.ConfigurationManager.ConfigureAsync(CommandSettings command)
   at GitHub.Runner.Listener.Runner.ExecuteCommand(CommandSettings command)
[2026-03-25 07:24:27Z ERR  Terminal] WRITE ERROR: Could not find any self-hosted runner group named "self-hosted".
[2026-03-25 07:24:27Z INFO Listener] Runner execution has finished with return code 1
